<?xml version="1.0" encoding="UTF-8"?>
<testng-results skipped="0" failed="1" ignored="0" total="5" passed="4">
  <reporter-output>
  </reporter-output>
  <suite name="Default suite" duration-ms="125653" started-at="2018-11-30T08:39:29Z" finished-at="2018-11-30T08:41:35Z">
    <groups>
    </groups>
    <test name="Default test" duration-ms="125653" started-at="2018-11-30T08:39:29Z" finished-at="2018-11-30T08:41:35Z">
      <class name="com.amazonproject.testpackage.Tests">
        <test-method status="PASS" signature="launch()[pri:0, instance:com.amazonproject.testpackage.Tests@631330c]" name="launch" is-config="true" duration-ms="12676" started-at="2018-11-30T08:39:29Z" finished-at="2018-11-30T08:39:42Z">
          <reporter-output>
          </reporter-output>
        </test-method> <!-- launch -->
        <test-method status="FAIL" signature="signin()[pri:1, instance:com.amazonproject.testpackage.Tests@631330c]" name="signin" duration-ms="3120" started-at="2018-11-30T08:39:42Z" finished-at="2018-11-30T08:39:45Z">
          <exception class="org.openqa.selenium.NoSuchElementException">
            <message>
              <![CDATA[no such element (An element could not be located on the page using the given search parameters (XPATH='//*[@text='Skip sign in']'))  (WARNING: The server did not provide any stacktrace information)
Command duration or timeout: 0 milliseconds
For documentation on this error, please visit: http://seleniumhq.org/exceptions/no_such_element.html
Build info: version: '3.8.1', revision: '6e95a6684b', time: '2017-12-01T19:05:14.666Z'
System info: host: 'DESKTOP-BJSN2LO', ip: '169.254.90.30', os.name: 'Windows 10', os.arch: 'amd64', os.version: '10.0', java.version: '1.8.0_152'
Driver info: io.appium.java_client.android.AndroidDriver
Capabilities {appActivity: com.amazon.mShop.splashscre..., appPackage: com.amazon.mShop.android.sh..., appiumVersion: 1.8.0, autoAcceptAlerts: false, autoDismissAlerts: false, autoGrantPermissions: false, autoWebview: false, browserName: , desired: {appActivity: com.amazon.mShop.splashscre..., appPackage: com.amazon.mShop.android.sh..., browserName: , deviceName: 6bfbeeb9, newCommandTimeout: 60, platformName: Android, platformVersion: 9}, device.category: PHONE, device.majorVersion: 9.0.x, device.manufacture: OnePlus, device.model: ONEPLUS A6003, device.name: ONEPLUS A6003, device.os: Android, device.screenSize: 1080x2280, device.serialNumber: 6bfbeeb9, device.version: 9, deviceName: 6bfbeeb9, dontGoHomeOnQuit: false, dontStopAppOnReset: false, fullReset: false, instrumentApp: false, javascriptEnabled: true, keystorePath: ~/.android/debug.keystore, locationServicesAuthorized: false, newCommandTimeout: 60, newSessionWaitTimeout: 300, noReset: false, platform: ANDROID, platformName: ANDROID, platformVersion: 9, projectName: , reportDirectory: reports, reportFormat: xml, reportUrl: C:\Users\siddhartha\appiums..., reservationDuration: 240, testName: Untitled, useKeystore: false, waitForDeviceTimeout: 120000}
Session ID: 50464cac-ca2e-4962-9a6e-ca64a79c344b
*** Element info: {Using=xpath, value=//*[@text='Skip sign in']}]]>
            </message>
            <full-stacktrace>
              <![CDATA[org.openqa.selenium.NoSuchElementException: no such element (An element could not be located on the page using the given search parameters (XPATH='//*[@text='Skip sign in']'))  (WARNING: The server did not provide any stacktrace information)
Command duration or timeout: 0 milliseconds
For documentation on this error, please visit: http://seleniumhq.org/exceptions/no_such_element.html
Build info: version: '3.8.1', revision: '6e95a6684b', time: '2017-12-01T19:05:14.666Z'
System info: host: 'DESKTOP-BJSN2LO', ip: '169.254.90.30', os.name: 'Windows 10', os.arch: 'amd64', os.version: '10.0', java.version: '1.8.0_152'
Driver info: io.appium.java_client.android.AndroidDriver
Capabilities {appActivity: com.amazon.mShop.splashscre..., appPackage: com.amazon.mShop.android.sh..., appiumVersion: 1.8.0, autoAcceptAlerts: false, autoDismissAlerts: false, autoGrantPermissions: false, autoWebview: false, browserName: , desired: {appActivity: com.amazon.mShop.splashscre..., appPackage: com.amazon.mShop.android.sh..., browserName: , deviceName: 6bfbeeb9, newCommandTimeout: 60, platformName: Android, platformVersion: 9}, device.category: PHONE, device.majorVersion: 9.0.x, device.manufacture: OnePlus, device.model: ONEPLUS A6003, device.name: ONEPLUS A6003, device.os: Android, device.screenSize: 1080x2280, device.serialNumber: 6bfbeeb9, device.version: 9, deviceName: 6bfbeeb9, dontGoHomeOnQuit: false, dontStopAppOnReset: false, fullReset: false, instrumentApp: false, javascriptEnabled: true, keystorePath: ~/.android/debug.keystore, locationServicesAuthorized: false, newCommandTimeout: 60, newSessionWaitTimeout: 300, noReset: false, platform: ANDROID, platformName: ANDROID, platformVersion: 9, projectName: , reportDirectory: reports, reportFormat: xml, reportUrl: C:\Users\siddhartha\appiums..., reservationDuration: 240, testName: Untitled, useKeystore: false, waitForDeviceTimeout: 120000}
Session ID: 50464cac-ca2e-4962-9a6e-ca64a79c344b
*** Element info: {Using=xpath, value=//*[@text='Skip sign in']}
at sun.reflect.NativeConstructorAccessorImpl.newInstance0(Native Method)
at sun.reflect.NativeConstructorAccessorImpl.newInstance(Unknown Source)
at sun.reflect.DelegatingConstructorAccessorImpl.newInstance(Unknown Source)
at java.lang.reflect.Constructor.newInstance(Unknown Source)
at org.openqa.selenium.remote.ErrorHandler.createThrowable(ErrorHandler.java:214)
at org.openqa.selenium.remote.ErrorHandler.throwIfResponseFailed(ErrorHandler.java:166)
at org.openqa.selenium.remote.http.JsonHttpResponseCodec.reconstructValue(JsonHttpResponseCodec.java:40)
at org.openqa.selenium.remote.http.AbstractHttpResponseCodec.decode(AbstractHttpResponseCodec.java:80)
at org.openqa.selenium.remote.http.AbstractHttpResponseCodec.decode(AbstractHttpResponseCodec.java:44)
at org.openqa.selenium.remote.HttpCommandExecutor.execute(HttpCommandExecutor.java:164)
at io.appium.java_client.remote.AppiumCommandExecutor.execute(AppiumCommandExecutor.java:89)
at org.openqa.selenium.remote.RemoteWebDriver.execute(RemoteWebDriver.java:601)
at io.appium.java_client.DefaultGenericMobileDriver.execute(DefaultGenericMobileDriver.java:42)
at io.appium.java_client.AppiumDriver.execute(AppiumDriver.java:1)
at io.appium.java_client.android.AndroidDriver.execute(AndroidDriver.java:1)
at org.openqa.selenium.remote.RemoteWebDriver.findElement(RemoteWebDriver.java:371)
at io.appium.java_client.DefaultGenericMobileDriver.findElement(DefaultGenericMobileDriver.java:62)
at io.appium.java_client.AppiumDriver.findElement(AppiumDriver.java:1)
at io.appium.java_client.android.AndroidDriver.findElement(AndroidDriver.java:1)
at org.openqa.selenium.remote.RemoteWebDriver.findElementByXPath(RemoteWebDriver.java:473)
at io.appium.java_client.DefaultGenericMobileDriver.findElementByXPath(DefaultGenericMobileDriver.java:140)
at io.appium.java_client.AppiumDriver.findElementByXPath(AppiumDriver.java:1)
at io.appium.java_client.android.AndroidDriver.findElementByXPath(AndroidDriver.java:1)
at org.openqa.selenium.By$ByXPath.findElement(By.java:361)
at org.openqa.selenium.remote.RemoteWebDriver.findElement(RemoteWebDriver.java:363)
at io.appium.java_client.DefaultGenericMobileDriver.findElement(DefaultGenericMobileDriver.java:58)
at io.appium.java_client.AppiumDriver.findElement(AppiumDriver.java:1)
at io.appium.java_client.android.AndroidDriver.findElement(AndroidDriver.java:1)
at com.amazonproject.testpackage.Tests.signin(Tests.java:61)
at sun.reflect.NativeMethodAccessorImpl.invoke0(Native Method)
at sun.reflect.NativeMethodAccessorImpl.invoke(Unknown Source)
at sun.reflect.DelegatingMethodAccessorImpl.invoke(Unknown Source)
at java.lang.reflect.Method.invoke(Unknown Source)
at org.testng.internal.MethodInvocationHelper.invokeMethod(MethodInvocationHelper.java:124)
at org.testng.internal.Invoker.invokeMethod(Invoker.java:580)
at org.testng.internal.Invoker.invokeTestMethod(Invoker.java:716)
at org.testng.internal.Invoker.invokeTestMethods(Invoker.java:988)
at org.testng.internal.TestMethodWorker.invokeTestMethods(TestMethodWorker.java:125)
at org.testng.internal.TestMethodWorker.run(TestMethodWorker.java:109)
at org.testng.TestRunner.privateRun(TestRunner.java:648)
at org.testng.TestRunner.run(TestRunner.java:505)
at org.testng.SuiteRunner.runTest(SuiteRunner.java:455)
at org.testng.SuiteRunner.runSequentially(SuiteRunner.java:450)
at org.testng.SuiteRunner.privateRun(SuiteRunner.java:415)
at org.testng.SuiteRunner.run(SuiteRunner.java:364)
at org.testng.SuiteRunnerWorker.runSuite(SuiteRunnerWorker.java:52)
at org.testng.SuiteRunnerWorker.run(SuiteRunnerWorker.java:84)
at org.testng.TestNG.runSuitesSequentially(TestNG.java:1208)
at org.testng.TestNG.runSuitesLocally(TestNG.java:1137)
at org.testng.TestNG.runSuites(TestNG.java:1049)
at org.testng.TestNG.run(TestNG.java:1017)
at org.testng.remote.AbstractRemoteTestNG.run(AbstractRemoteTestNG.java:114)
at org.testng.remote.RemoteTestNG.initAndRun(RemoteTestNG.java:251)
at org.testng.remote.RemoteTestNG.main(RemoteTestNG.java:77)
]]>
            </full-stacktrace>
          </exception> <!-- org.openqa.selenium.NoSuchElementException -->
          <reporter-output>
          </reporter-output>
        </test-method> <!-- signin -->
        <test-method status="PASS" signature="tapmainmenu()[pri:2, instance:com.amazonproject.testpackage.Tests@631330c]" name="tapmainmenu" duration-ms="3567" started-at="2018-11-30T08:39:45Z" finished-at="2018-11-30T08:39:48Z">
          <reporter-output>
          </reporter-output>
        </test-method> <!-- tapmainmenu -->
        <test-method status="PASS" signature="tapdepartment()[pri:3, instance:com.amazonproject.testpackage.Tests@631330c]" name="tapdepartment" duration-ms="7679" started-at="2018-11-30T08:39:48Z" finished-at="2018-11-30T08:39:56Z">
          <reporter-output>
          </reporter-output>
        </test-method> <!-- tapdepartment -->
        <test-method status="PASS" signature="tapKindle()[pri:4, instance:com.amazonproject.testpackage.Tests@631330c]" name="tapKindle" duration-ms="66660" started-at="2018-11-30T08:39:56Z" finished-at="2018-11-30T08:41:03Z">
          <reporter-output>
          </reporter-output>
        </test-method> <!-- tapKindle -->
        <test-method status="PASS" signature="validateavailability()[pri:0, instance:com.amazonproject.testpackage.Tests@631330c]" name="validateavailability" duration-ms="30886" started-at="2018-11-30T08:41:03Z" depends-on-methods="com.amazonproject.testpackage.Tests.tapKindle" finished-at="2018-11-30T08:41:34Z">
          <reporter-output>
          </reporter-output>
        </test-method> <!-- validateavailability -->
        <test-method status="PASS" signature="close()[pri:0, instance:com.amazonproject.testpackage.Tests@631330c]" name="close" is-config="true" duration-ms="999" started-at="2018-11-30T08:41:34Z" finished-at="2018-11-30T08:41:35Z">
          <reporter-output>
          </reporter-output>
        </test-method> <!-- close -->
      </class> <!-- com.amazonproject.testpackage.Tests -->
    </test> <!-- Default test -->
  </suite> <!-- Default suite -->
</testng-results>
